<?xml version="1.0" encoding="UTF-8"?>
<!-- Generated by org.testng.reporters.JUnitReportReporter -->
<testsuite hostname="LIN-5CG2181YX2" failures="0" tests="6" name="runner.Owner_Runner" time="71.794" errors="0" timestamp="2024-04-02T12:57:54 IST" skipped="0">
  <testcase classname="runner.Owner_Runner" name="runScenario" time="10.190"/>
  <testcase classname="runner.Owner_Runner" name="runScenario" time="13.983"/>
  <testcase classname="runner.Owner_Runner" name="runScenario" time="11.936"/>
  <testcase classname="runner.Owner_Runner" name="runScenario" time="12.205"/>
  <testcase classname="runner.Owner_Runner" name="runScenario" time="8.327"/>
  <testcase classname="runner.Owner_Runner" name="runScenario" time="15.153"/>
</testsuite> <!-- runner.Owner_Runner -->
